<?xml version="1.0" encoding="UTF-8"?>
<testsuite name="com.sponsorship.influencer_system.InfluencerSystemApplicationTests" tests="1" skipped="0" failures="0" errors="0" timestamp="2026-01-11T18:21:06.036Z" hostname="Virajs-MacBook-Air.local" time="0.192">
  <properties/>
  <testcase name="contextLoads()" classname="com.sponsorship.influencer_system.InfluencerSystemApplicationTests" time="0.192"/>
  <system-out><![CDATA[12:21:04.787 [Test worker] INFO org.springframework.test.context.support.AnnotationConfigContextLoaderUtils -- Could not detect default configuration classes for test class [com.sponsorship.influencer_system.InfluencerSystemApplicationTests]: InfluencerSystemApplicationTests does not declare any static, non-private, non-final, nested classes annotated with @Configuration.
12:21:04.817 [Test worker] INFO org.springframework.boot.test.context.SpringBootTestContextBootstrapper -- Found @SpringBootConfiguration com.sponsorship.influencer_system.InfluencerSystemApplication for test class com.sponsorship.influencer_system.InfluencerSystemApplicationTests

  .   ____          _            __ _ _
 /\\ / ___'_ __ _ _(_)_ __  __ _ \ \ \ \
( ( )\___ | '_ | '_| | '_ \/ _` | \ \ \ \
 \\/  ___)| |_)| | | | | || (_| |  ) ) ) )
  '  |____| .__|_| |_|_| |_\__, | / / / /
 =========|_|==============|___/=/_/_/_/

 :: Spring Boot ::                (v4.0.1)

2026-01-11T12:21:04.925-06:00  INFO 9242 --- [influencer-system] [    Test worker] c.s.i.InfluencerSystemApplicationTests   : Starting InfluencerSystemApplicationTests using Java 17.0.17 with PID 9242 (started by virajpatel in /Users/virajpatel/Projects/Influencer_Sponsorship/influencer-sponsorship-backend)
2026-01-11T12:21:04.925-06:00 DEBUG 9242 --- [influencer-system] [    Test worker] c.s.i.InfluencerSystemApplicationTests   : Running with Spring Boot v4.0.1, Spring v7.0.2
2026-01-11T12:21:04.925-06:00  INFO 9242 --- [influencer-system] [    Test worker] c.s.i.InfluencerSystemApplicationTests   : No active profile set, falling back to 1 default profile: "default"
2026-01-11T12:21:05.082-06:00  INFO 9242 --- [influencer-system] [    Test worker] .s.d.r.c.RepositoryConfigurationDelegate : Bootstrapping Spring Data JPA repositories in DEFAULT mode.
2026-01-11T12:21:05.096-06:00  INFO 9242 --- [influencer-system] [    Test worker] .s.d.r.c.RepositoryConfigurationDelegate : Finished Spring Data repository scanning in 11 ms. Found 2 JPA repository interfaces.
2026-01-11T12:21:05.184-06:00  INFO 9242 --- [influencer-system] [    Test worker] org.hibernate.orm.jpa                    : HHH008540: Processing PersistenceUnitInfo [name: default]
2026-01-11T12:21:05.198-06:00  INFO 9242 --- [influencer-system] [    Test worker] org.hibernate.orm.core                   : HHH000001: Hibernate ORM core version 7.2.0.Final
2026-01-11T12:21:05.312-06:00  INFO 9242 --- [influencer-system] [    Test worker] o.s.o.j.p.SpringPersistenceUnitInfo      : No LoadTimeWeaver setup: ignoring JPA class transformer
2026-01-11T12:21:05.321-06:00  INFO 9242 --- [influencer-system] [    Test worker] com.zaxxer.hikari.HikariDataSource       : HikariPool-1 - Starting...
2026-01-11T12:21:05.588-06:00  INFO 9242 --- [influencer-system] [    Test worker] com.zaxxer.hikari.pool.HikariPool        : HikariPool-1 - Added connection org.sqlite.jdbc4.JDBC4Connection@2ed7978c
2026-01-11T12:21:05.588-06:00  INFO 9242 --- [influencer-system] [    Test worker] com.zaxxer.hikari.HikariDataSource       : HikariPool-1 - Start completed.
2026-01-11T12:21:05.601-06:00  INFO 9242 --- [influencer-system] [    Test worker] org.hibernate.orm.connections.pooling    : HHH10001005: Database info:
	Database JDBC URL [jdbc:sqlite:influencer.db]
	Database driver: SQLite JDBC
	Database dialect: SQLiteDialect
	Database version: 3.46
	Default catalog/schema: undefined/undefined
	Autocommit mode: undefined/unknown
	Isolation level: SERIALIZABLE [default SERIALIZABLE]
	JDBC fetch size: none
	Pool: DataSourceConnectionProvider
	Minimum pool size: undefined/unknown
	Maximum pool size: undefined/unknown
2026-01-11T12:21:05.821-06:00  INFO 9242 --- [influencer-system] [    Test worker] org.hibernate.orm.core                   : HHH000489: No JTA platform available (set 'hibernate.transaction.jta.platform' to enable JTA platform integration)
Hibernate: 
    create table brand (
        id integer,
        name varchar(255),
        remaining_budget numeric(19,2),
        total_budget numeric(19,2),
        primary key (id)
    )
2026-01-11T12:21:05.833-06:00  INFO 9242 --- [influencer-system] [    Test worker] j.LocalContainerEntityManagerFactoryBean : Initialized JPA EntityManagerFactory for persistence unit 'default'
2026-01-11T12:21:05.861-06:00  INFO 9242 --- [influencer-system] [    Test worker] o.s.d.j.r.query.QueryEnhancerFactories   : Hibernate is in classpath; If applicable, HQL parser will be used.
2026-01-11T12:21:05.908-06:00  WARN 9242 --- [influencer-system] [    Test worker] JpaBaseConfiguration$JpaWebConfiguration : spring.jpa.open-in-view is enabled by default. Therefore, database queries may be performed during view rendering. Explicitly configure spring.jpa.open-in-view to disable this warning
2026-01-11T12:21:06.032-06:00  INFO 9242 --- [influencer-system] [    Test worker] c.s.i.InfluencerSystemApplicationTests   : Started InfluencerSystemApplicationTests in 1.174 seconds (process running for 1.546)
]]></system-out>
  <system-err><![CDATA[]]></system-err>
</testsuite>
