<?xml version="1.0" encoding="UTF-8"?>
<testsuite name="com.sponsorship.influencer_system.InfluencerSystemApplicationTests" tests="1" skipped="0" failures="0" errors="0" timestamp="2026-01-10T15:24:37.981Z" hostname="Virajs-MacBook-Air.local" time="0.224">
  <properties/>
  <testcase name="contextLoads()" classname="com.sponsorship.influencer_system.InfluencerSystemApplicationTests" time="0.224"/>
  <system-out><![CDATA[09:24:37.132 [Test worker] INFO org.springframework.test.context.support.AnnotationConfigContextLoaderUtils -- Could not detect default configuration classes for test class [com.sponsorship.influencer_system.InfluencerSystemApplicationTests]: InfluencerSystemApplicationTests does not declare any static, non-private, non-final, nested classes annotated with @Configuration.
09:24:37.163 [Test worker] INFO org.springframework.boot.test.context.SpringBootTestContextBootstrapper -- Found @SpringBootConfiguration com.sponsorship.influencer_system.InfluencerSystemApplication for test class com.sponsorship.influencer_system.InfluencerSystemApplicationTests

  .   ____          _            __ _ _
 /\\ / ___'_ __ _ _(_)_ __  __ _ \ \ \ \
( ( )\___ | '_ | '_| | '_ \/ _` | \ \ \ \
 \\/  ___)| |_)| | | | | || (_| |  ) ) ) )
  '  |____| .__|_| |_|_| |_\__, | / / / /
 =========|_|==============|___/=/_/_/_/

 :: Spring Boot ::                (v4.0.1)

2026-01-10T09:24:37.262-06:00  INFO 30123 --- [influencer-system] [    Test worker] c.s.i.InfluencerSystemApplicationTests   : Starting InfluencerSystemApplicationTests using Java 17.0.17 with PID 30123 (started by virajpatel in /Users/virajpatel/Projects/Influencer_Sponsorship/influencer-system)
2026-01-10T09:24:37.263-06:00  INFO 30123 --- [influencer-system] [    Test worker] c.s.i.InfluencerSystemApplicationTests   : No active profile set, falling back to 1 default profile: "default"
2026-01-10T09:24:37.412-06:00  INFO 30123 --- [influencer-system] [    Test worker] .s.d.r.c.RepositoryConfigurationDelegate : Bootstrapping Spring Data JPA repositories in DEFAULT mode.
2026-01-10T09:24:37.418-06:00  INFO 30123 --- [influencer-system] [    Test worker] .s.d.r.c.RepositoryConfigurationDelegate : Finished Spring Data repository scanning in 3 ms. Found 0 JPA repository interfaces.
2026-01-10T09:24:37.497-06:00  INFO 30123 --- [influencer-system] [    Test worker] com.zaxxer.hikari.HikariDataSource       : HikariPool-1 - Starting...
2026-01-10T09:24:37.542-06:00  INFO 30123 --- [influencer-system] [    Test worker] com.zaxxer.hikari.pool.HikariPool        : HikariPool-1 - Added connection conn0: url=jdbc:h2:mem:038319c2-533b-4b09-9f89-2a92e7d06b1d user=SA
2026-01-10T09:24:37.542-06:00  INFO 30123 --- [influencer-system] [    Test worker] com.zaxxer.hikari.HikariDataSource       : HikariPool-1 - Start completed.
2026-01-10T09:24:37.557-06:00  INFO 30123 --- [influencer-system] [    Test worker] org.hibernate.orm.jpa                    : HHH008540: Processing PersistenceUnitInfo [name: default]
2026-01-10T09:24:37.572-06:00  INFO 30123 --- [influencer-system] [    Test worker] org.hibernate.orm.core                   : HHH000001: Hibernate ORM core version 7.2.0.Final
2026-01-10T09:24:37.689-06:00  INFO 30123 --- [influencer-system] [    Test worker] o.s.o.j.p.SpringPersistenceUnitInfo      : No LoadTimeWeaver setup: ignoring JPA class transformer
2026-01-10T09:24:37.712-06:00  INFO 30123 --- [influencer-system] [    Test worker] org.hibernate.orm.connections.pooling    : HHH10001005: Database info:
	Database JDBC URL [jdbc:h2:mem:038319c2-533b-4b09-9f89-2a92e7d06b1d]
	Database driver: H2 JDBC Driver
	Database dialect: H2Dialect
	Database version: 2.4.240
	Default catalog/schema: 038319C2-533B-4B09-9F89-2A92E7D06B1D/PUBLIC
	Autocommit mode: undefined/unknown
	Isolation level: READ_COMMITTED [default READ_COMMITTED]
	JDBC fetch size: 100
	Pool: DataSourceConnectionProvider
	Minimum pool size: undefined/unknown
	Maximum pool size: undefined/unknown
2026-01-10T09:24:37.823-06:00  INFO 30123 --- [influencer-system] [    Test worker] org.hibernate.orm.core                   : HHH000489: No JTA platform available (set 'hibernate.transaction.jta.platform' to enable JTA platform integration)
2026-01-10T09:24:37.825-06:00  INFO 30123 --- [influencer-system] [    Test worker] j.LocalContainerEntityManagerFactoryBean : Initialized JPA EntityManagerFactory for persistence unit 'default'
2026-01-10T09:24:37.855-06:00  WARN 30123 --- [influencer-system] [    Test worker] JpaBaseConfiguration$JpaWebConfiguration : spring.jpa.open-in-view is enabled by default. Therefore, database queries may be performed during view rendering. Explicitly configure spring.jpa.open-in-view to disable this warning
2026-01-10T09:24:37.978-06:00  INFO 30123 --- [influencer-system] [    Test worker] c.s.i.InfluencerSystemApplicationTests   : Started InfluencerSystemApplicationTests in 0.775 seconds (process running for 1.131)
]]></system-out>
  <system-err><![CDATA[]]></system-err>
</testsuite>
